This is pdfTeX, Version 3.14159265-2.6-1.40.21 (TeX Live 2020/W32TeX) (preloaded format=pdflatex 2020.9.23)  17 DEC 2020 20:25
entering extended mode
 restricted \write18 enabled.
 %&-line parsing enabled.
**document.tex
(./document.tex
LaTeX2e <2020-02-02> patch level 5
L3 programming layer <2020-09-06>
(d:/texlive/2020/texmf-dist/tex/latex/base/article.cls
Document Class: article 2019/12/20 v1.4l Standard LaTeX document class
(d:/texlive/2020/texmf-dist/tex/latex/base/size11.clo
File: size11.clo 2019/12/20 v1.4l Standard LaTeX file (size option)
)
\c@part=\count168
\c@section=\count169
\c@subsection=\count170
\c@subsubsection=\count171
\c@paragraph=\count172
\c@subparagraph=\count173
\c@figure=\count174
\c@table=\count175
\abovecaptionskip=\skip47
\belowcaptionskip=\skip48
\bibindent=\dimen134
)
(d:/texlive/2020/texmf-dist/tex/latex/base/inputenc.sty
Package: inputenc 2018/08/11 v1.3c Input encoding file
\inpenc@prehook=\toks15
\inpenc@posthook=\toks16
)
(d:/texlive/2020/texmf-dist/tex/latex/apacite/apacite.sty
Package: apacite 2013/07/21 v6.03 APA citation
\c@BibCnt=\count176
\bibleftmargin=\skip49
\bibindent=\skip50
\bibparsep=\skip51
\bibitemsep=\skip52
\biblabelsep=\skip53
)
(d:/texlive/2020/texmf-dist/tex/latex/graphics/graphicx.sty
Package: graphicx 2019/11/30 v1.2a Enhanced LaTeX Graphics (DPC,SPQR)

(d:/texlive/2020/texmf-dist/tex/latex/graphics/keyval.sty
Package: keyval 2014/10/28 v1.15 key=value parser (DPC)
\KV@toks@=\toks17
)
(d:/texlive/2020/texmf-dist/tex/latex/graphics/graphics.sty
Package: graphics 2019/11/30 v1.4a Standard LaTeX Graphics (DPC,SPQR)

(d:/texlive/2020/texmf-dist/tex/latex/graphics/trig.sty
Package: trig 2016/01/03 v1.10 sin cos tan (DPC)
)
(d:/texlive/2020/texmf-dist/tex/latex/graphics-cfg/graphics.cfg
File: graphics.cfg 2016/06/04 v1.11 sample graphics configuration
)
Package graphics Info: Driver file: pdftex.def on input line 105.

(d:/texlive/2020/texmf-dist/tex/latex/graphics-def/pdftex.def
File: pdftex.def 2020/08/26 v1.2 Graphics/color driver for pdftex
))
\Gin@req@height=\dimen135
\Gin@req@width=\dimen136
)
(d:/texlive/2020/texmf-dist/tex/latex/l3backend/l3backend-pdftex.def
File: l3backend-pdftex.def 2020-09-11 L3 backend support: PDF output (pdfTeX)
\l__kernel_color_stack_int=\count177
\l__pdf_internal_box=\box45
)
(./document.aux)
\openout1 = `document.aux'.

LaTeX Font Info:    Checking defaults for OML/cmm/m/it on input line 6.
LaTeX Font Info:    ... okay on input line 6.
LaTeX Font Info:    Checking defaults for OMS/cmsy/m/n on input line 6.
LaTeX Font Info:    ... okay on input line 6.
LaTeX Font Info:    Checking defaults for OT1/cmr/m/n on input line 6.
LaTeX Font Info:    ... okay on input line 6.
LaTeX Font Info:    Checking defaults for T1/cmr/m/n on input line 6.
LaTeX Font Info:    ... okay on input line 6.
LaTeX Font Info:    Checking defaults for TS1/cmr/m/n on input line 6.
LaTeX Font Info:    ... okay on input line 6.
LaTeX Font Info:    Checking defaults for OMX/cmex/m/n on input line 6.
LaTeX Font Info:    ... okay on input line 6.
LaTeX Font Info:    Checking defaults for U/cmr/m/n on input line 6.
LaTeX Font Info:    ... okay on input line 6.
\c@maskedRefs=\count178
 (d:/texlive/2020/texmf-dist/tex/latex/apacite/english.apc
File: english.apc 2013/07/21 v6.03 apacite language file
LaTeX Info: Redefining \BPBI on input line 129.
LaTeX Info: Redefining \BHBI on input line 130.
)
(d:/texlive/2020/texmf-dist/tex/context/base/mkii/supp-pdf.mkii
[Loading MPS to PDF converter (version 2006.09.02).]
\scratchcounter=\count179
\scratchdimen=\dimen137
\scratchbox=\box46
\nofMPsegments=\count180
\nofMParguments=\count181
\everyMPshowfont=\toks18
\MPscratchCnt=\count182
\MPscratchDim=\dimen138
\MPnumerator=\count183
\makeMPintoPDFobject=\count184
\everyMPtoPDFconversion=\toks19
) (d:/texlive/2020/texmf-dist/tex/latex/epstopdf-pkg/epstopdf-base.sty
Package: epstopdf-base 2020-01-24 v2.11 Base part for package epstopdf

(d:/texlive/2020/texmf-dist/tex/generic/infwarerr/infwarerr.sty
Package: infwarerr 2019/12/03 v1.5 Providing info/warning/error messages (HO)
)
(d:/texlive/2020/texmf-dist/tex/latex/grfext/grfext.sty
Package: grfext 2019/12/03 v1.3 Manage graphics extensions (HO)

(d:/texlive/2020/texmf-dist/tex/generic/kvdefinekeys/kvdefinekeys.sty
Package: kvdefinekeys 2019-12-19 v1.6 Define keys (HO)
))
(d:/texlive/2020/texmf-dist/tex/latex/kvoptions/kvoptions.sty
Package: kvoptions 2019/11/29 v3.13 Key value format for package options (HO)

(d:/texlive/2020/texmf-dist/tex/generic/ltxcmds/ltxcmds.sty
Package: ltxcmds 2019/12/15 v1.24 LaTeX kernel commands for general use (HO)
)
(d:/texlive/2020/texmf-dist/tex/generic/kvsetkeys/kvsetkeys.sty
Package: kvsetkeys 2019/12/15 v1.18 Key value parser (HO)
))
(d:/texlive/2020/texmf-dist/tex/generic/pdftexcmds/pdftexcmds.sty
Package: pdftexcmds 2020-06-27 v0.33 Utility functions of pdfTeX for LuaTeX (HO
)

(d:/texlive/2020/texmf-dist/tex/generic/iftex/iftex.sty
Package: iftex 2020/03/06 v1.0d TeX engine tests
)
Package pdftexcmds Info: \pdf@primitive is available.
Package pdftexcmds Info: \pdf@ifprimitive is available.
Package pdftexcmds Info: \pdfdraftmode found.
)
Package epstopdf-base Info: Redefining graphics rule for `.eps' on input line 4
85.
Package grfext Info: Graphics extension search list:
(grfext)             [.pdf,.png,.jpg,.mps,.jpeg,.jbig2,.jb2,.PDF,.PNG,.JPG,.JPE
G,.JBIG2,.JB2,.eps]
(grfext)             \AppendGraphicsExtensions on input line 504.

(d:/texlive/2020/texmf-dist/tex/latex/latexconfig/epstopdf-sys.cfg
File: epstopdf-sys.cfg 2010/07/13 v1.3 Configuration of (r)epstopdf for TeX Liv
e
))
LaTeX Font Info:    External font `cmex10' loaded for size
(Font)              <12> on input line 10.
LaTeX Font Info:    External font `cmex10' loaded for size
(Font)              <8> on input line 10.
LaTeX Font Info:    External font `cmex10' loaded for size
(Font)              <6> on input line 10.

Underfull \hbox (badness 10000) in paragraph at lines 12--16

 []


Underfull \hbox (badness 10000) in paragraph at lines 21--26

 []

[1

{d:/texlive/2020/texmf-var/fonts/map/pdftex/updmap/pdftex.map}]
<Imágenes/dextrano.png, id=11, 321.2pt x 256.96pt>
File: Imágenes/dextrano.png Graphic file (type png)
<use Imágenes/dextrano.png>
Package pdftex.def Info: Imágenes/dextrano.png  used on input line 32.
(pdftex.def)             Requested size: 160.59961pt x 128.47968pt.
<Imágenes/GAMP.jpg, id=13, 1799.72375pt x 1424.32124pt>
File: Imágenes/GAMP.jpg Graphic file (type jpg)
<use Imágenes/GAMP.jpg>
Package pdftex.def Info: Imágenes/GAMP.jpg  used on input line 35.
(pdftex.def)             Requested size: 179.98291pt x 142.44046pt.

Overfull \hbox (1.71542pt too wide) in paragraph at lines 27--45
\OT1/cmr/m/n/10.95 En nue-stro caso, analizare-mos la posi-bil-i-dad de em-plea
r es-tas mi-cropart^^S^^Pculas
 []


LaTeX Warning: `h' float specifier changed to `ht'.

[2]
<Imágenes/influenza.png, id=17, 413.545pt x 249.43187pt>
File: Imágenes/influenza.png Graphic file (type png)
<use Imágenes/influenza.png>
Package pdftex.def Info: Imágenes/influenza.png  used on input line 50.
(pdftex.def)             Requested size: 289.4795pt x 174.60112pt.
 [3 <./Imágenes/dextrano.png> <./Imágenes/GAMP.jpg>] [4 <./Imágenes/influenz
a.png>]
Overfull \hbox (5.45671pt too wide) in paragraph at lines 65--69
\OT1/cmr/m/n/10.95 Se han re-al-izado es-tu-dios del uso del adyu-vante MF59 (e
s-qualeno, polisorbato-
 []

[5]
LaTeX Font Info:    External font `cmex10' loaded for size
(Font)              <10.95> on input line 79.

Overfull \hbox (10.17126pt too wide) in paragraph at lines 92--101
\OT1/cmr/m/n/10.95 Finalmente, es-tas mi-cropart^^S^^Pculas car-gadas se reco-g
en so-bre una placa met^^Salica
 []


Overfull \hbox (3.57085pt too wide) in paragraph at lines 92--101
\OT1/cmr/m/n/10.95 Se de-ter-mi-naron dos par^^Sametros clave para ob-ser-var l
a efi-cien-cia de la t^^Secnica,
 []

[6] (./document.bbl [7]) [8] (./document.aux) ) 
Here is how much of TeX's memory you used:
 2171 strings out of 480876
 32036 string characters out of 5911487
 280727 words of memory out of 5000000
 17783 multiletter control sequences out of 15000+600000
 541254 words of font info for 49 fonts, out of 8000000 for 9000
 1141 hyphenation exceptions out of 8191
 40i,7n,37p,800b,224s stack positions out of 5000i,500n,10000p,200000b,80000s
{d:/texlive/2020/texmf-dist/font
s/enc/dvips/cm-super/cm-super-ts1.enc}<d:/texlive/2020/texmf-dist/fonts/type1/p
ublic/amsfonts/cm/cmbx10.pfb><d:/texlive/2020/texmf-dist/fonts/type1/public/ams
fonts/cm/cmbx12.pfb><d:/texlive/2020/texmf-dist/fonts/type1/public/amsfonts/cm/
cmmi10.pfb><d:/texlive/2020/texmf-dist/fonts/type1/public/amsfonts/cm/cmr10.pfb
><d:/texlive/2020/texmf-dist/fonts/type1/public/amsfonts/cm/cmr12.pfb><d:/texli
ve/2020/texmf-dist/fonts/type1/public/amsfonts/cm/cmr17.pfb><d:/texlive/2020/te
xmf-dist/fonts/type1/public/amsfonts/cm/cmsy10.pfb><d:/texlive/2020/texmf-dist/
fonts/type1/public/amsfonts/cm/cmti10.pfb><d:/texlive/2020/texmf-dist/fonts/typ
e1/public/cm-super/sfrm1095.pfb>
Output written on document.pdf (8 pages, 2009708 bytes).
PDF statistics:
 74 PDF objects out of 1000 (max. 8388607)
 49 compressed objects within 1 object stream
 0 named destinations out of 1000 (max. 500000)
 16 words of extra memory for PDF output out of 10000 (max. 10000000)

